2025-03-02 11:00:35,437 INFO: Login successful for user: virtualshopping0.0.1.1@gmail.com (role: student) [in /home/monk/Github/dope/EduSync/app/auth/routes.py:39]
2025-03-02 11:00:36,774 ERROR: Exception on /student/dashboard [GET] [in /home/monk/Github/dope/EduSync/venv/lib/python3.12/site-packages/flask/app.py:1414]
Traceback (most recent call last):
  File "/home/monk/Github/dope/EduSync/venv/lib/python3.12/site-packages/flask/app.py", line 2190, in wsgi_app
    response = self.full_dispatch_request()
               ^^^^^^^^^^^^^^^^^^^^^^^^^^^^
  File "/home/monk/Github/dope/EduSync/venv/lib/python3.12/site-packages/flask/app.py", line 1486, in full_dispatch_request
    rv = self.handle_user_exception(e)
         ^^^^^^^^^^^^^^^^^^^^^^^^^^^^^
  File "/home/monk/Github/dope/EduSync/venv/lib/python3.12/site-packages/flask/app.py", line 1484, in full_dispatch_request
    rv = self.dispatch_request()
         ^^^^^^^^^^^^^^^^^^^^^^^
  File "/home/monk/Github/dope/EduSync/venv/lib/python3.12/site-packages/flask/app.py", line 1469, in dispatch_request
    return self.ensure_sync(self.view_functions[rule.endpoint])(**view_args)
           ^^^^^^^^^^^^^^^^^^^^^^^^^^^^^^^^^^^^^^^^^^^^^^^^^^^^^^^^^^^^^^^^^
  File "/home/monk/Github/dope/EduSync/venv/lib/python3.12/site-packages/flask_login/utils.py", line 290, in decorated_view
    return current_app.ensure_sync(func)(*args, **kwargs)
           ^^^^^^^^^^^^^^^^^^^^^^^^^^^^^^^^^^^^^^^^^^^^^^
  File "/home/monk/Github/dope/EduSync/app/student/routes.py", line 59, in dashboard
    return render_template('student/dashboard.html', documents=documents)
           ^^^^^^^^^^^^^^^^^^^^^^^^^^^^^^^^^^^^^^^^^^^^^^^^^^^^^^^^^^^^^^
  File "/home/monk/Github/dope/EduSync/venv/lib/python3.12/site-packages/flask/templating.py", line 151, in render_template
    return _render(app, template, context)
           ^^^^^^^^^^^^^^^^^^^^^^^^^^^^^^^
  File "/home/monk/Github/dope/EduSync/venv/lib/python3.12/site-packages/flask/templating.py", line 132, in _render
    rv = template.render(context)
         ^^^^^^^^^^^^^^^^^^^^^^^^
  File "/home/monk/Github/dope/EduSync/venv/lib/python3.12/site-packages/jinja2/environment.py", line 1295, in render
    self.environment.handle_exception()
  File "/home/monk/Github/dope/EduSync/venv/lib/python3.12/site-packages/jinja2/environment.py", line 942, in handle_exception
    raise rewrite_traceback_stack(source=source)
  File "/home/monk/Github/dope/EduSync/app/templates/student/dashboard.html", line 1, in top-level template code
    {% extends "base.html" %}
  File "/home/monk/Github/dope/EduSync/app/templates/base.html", line 186, in top-level template code
    {% block content %}{% endblock %}
    ^^^^^^^^^^^^^^^^^^^^^^^^^
  File "/home/monk/Github/dope/EduSync/app/templates/student/dashboard.html", line 40, in block 'content'
    <a href="{{ url_for('main.uploaded_file', filename=document.file_path) }}"
    ^^^^^^^^^^^^^^^^^^^^^^^^^
  File "/home/monk/Github/dope/EduSync/venv/lib/python3.12/site-packages/flask/app.py", line 1697, in url_for
    return self.handle_url_build_error(error, endpoint, values)
           ^^^^^^^^^^^^^^^^^^^^^^^^^^^^^^^^^^^^^^^^^^^^^^^^^^^^
  File "/home/monk/Github/dope/EduSync/venv/lib/python3.12/site-packages/flask/app.py", line 1686, in url_for
    rv = url_adapter.build(  # type: ignore[union-attr]
         ^^^^^^^^^^^^^^^^^^^^^^^^^^^^^^^^^^^^^^^^^^^^^^
  File "/home/monk/Github/dope/EduSync/venv/lib/python3.12/site-packages/werkzeug/routing/map.py", line 950, in build
    raise BuildError(endpoint, values, method, self)
werkzeug.routing.exceptions.BuildError: Could not build url for endpoint 'main.uploaded_file'. Did you forget to specify values ['filename']?
2025-03-02 11:00:58,118 INFO: Document System startup [in /home/monk/Github/dope/EduSync/app/config.py:98]
2025-03-02 11:01:15,515 ERROR: Exception on /student/dashboard [GET] [in /home/monk/Github/dope/EduSync/venv/lib/python3.12/site-packages/flask/app.py:1414]
Traceback (most recent call last):
  File "/home/monk/Github/dope/EduSync/venv/lib/python3.12/site-packages/flask/app.py", line 2190, in wsgi_app
    response = self.full_dispatch_request()
               ^^^^^^^^^^^^^^^^^^^^^^^^^^^^
  File "/home/monk/Github/dope/EduSync/venv/lib/python3.12/site-packages/flask/app.py", line 1486, in full_dispatch_request
    rv = self.handle_user_exception(e)
         ^^^^^^^^^^^^^^^^^^^^^^^^^^^^^
  File "/home/monk/Github/dope/EduSync/venv/lib/python3.12/site-packages/flask/app.py", line 1484, in full_dispatch_request
    rv = self.dispatch_request()
         ^^^^^^^^^^^^^^^^^^^^^^^
  File "/home/monk/Github/dope/EduSync/venv/lib/python3.12/site-packages/flask/app.py", line 1469, in dispatch_request
    return self.ensure_sync(self.view_functions[rule.endpoint])(**view_args)
           ^^^^^^^^^^^^^^^^^^^^^^^^^^^^^^^^^^^^^^^^^^^^^^^^^^^^^^^^^^^^^^^^^
  File "/home/monk/Github/dope/EduSync/venv/lib/python3.12/site-packages/flask_login/utils.py", line 290, in decorated_view
    return current_app.ensure_sync(func)(*args, **kwargs)
           ^^^^^^^^^^^^^^^^^^^^^^^^^^^^^^^^^^^^^^^^^^^^^^
  File "/home/monk/Github/dope/EduSync/app/student/routes.py", line 59, in dashboard
    return render_template('student/dashboard.html', documents=documents)
           ^^^^^^^^^^^^^^^^^^^^^^^^^^^^^^^^^^^^^^^^^^^^^^^^^^^^^^^^^^^^^^
  File "/home/monk/Github/dope/EduSync/venv/lib/python3.12/site-packages/flask/templating.py", line 151, in render_template
    return _render(app, template, context)
           ^^^^^^^^^^^^^^^^^^^^^^^^^^^^^^^
  File "/home/monk/Github/dope/EduSync/venv/lib/python3.12/site-packages/flask/templating.py", line 132, in _render
    rv = template.render(context)
         ^^^^^^^^^^^^^^^^^^^^^^^^
  File "/home/monk/Github/dope/EduSync/venv/lib/python3.12/site-packages/jinja2/environment.py", line 1295, in render
    self.environment.handle_exception()
  File "/home/monk/Github/dope/EduSync/venv/lib/python3.12/site-packages/jinja2/environment.py", line 942, in handle_exception
    raise rewrite_traceback_stack(source=source)
  File "/home/monk/Github/dope/EduSync/app/templates/student/dashboard.html", line 1, in top-level template code
    {% extends "base.html" %}
  File "/home/monk/Github/dope/EduSync/app/templates/base.html", line 186, in top-level template code
    {% block content %}{% endblock %}
    ^^^^^^^^^^^^^^^^^^^^^^^^^
  File "/home/monk/Github/dope/EduSync/app/templates/student/dashboard.html", line 40, in block 'content'
    <a href="{{ url_for('main.uploaded_file', filename=document.file_path) }}"
    ^^^^^^^^^^^^^^^^^^^^^^^^^
  File "/home/monk/Github/dope/EduSync/venv/lib/python3.12/site-packages/flask/app.py", line 1697, in url_for
    return self.handle_url_build_error(error, endpoint, values)
           ^^^^^^^^^^^^^^^^^^^^^^^^^^^^^^^^^^^^^^^^^^^^^^^^^^^^
  File "/home/monk/Github/dope/EduSync/venv/lib/python3.12/site-packages/flask/app.py", line 1686, in url_for
    rv = url_adapter.build(  # type: ignore[union-attr]
         ^^^^^^^^^^^^^^^^^^^^^^^^^^^^^^^^^^^^^^^^^^^^^^
  File "/home/monk/Github/dope/EduSync/venv/lib/python3.12/site-packages/werkzeug/routing/map.py", line 950, in build
    raise BuildError(endpoint, values, method, self)
werkzeug.routing.exceptions.BuildError: Could not build url for endpoint 'main.uploaded_file'. Did you forget to specify values ['filename']?
2025-03-02 11:03:44,740 INFO: Document System startup [in /home/monk/Github/dope/EduSync/app/config.py:98]
2025-03-02 11:04:17,025 INFO: Login attempt for email: virtualshopping0.0.1.1@gmail.com [in /home/monk/Github/dope/EduSync/app/auth/routes.py:21]
2025-03-02 11:04:17,474 INFO: Login successful for user: virtualshopping0.0.1.1@gmail.com (role: student) [in /home/monk/Github/dope/EduSync/app/auth/routes.py:39]
